epoch_num: 2000

hidden1_units: 10

hidden2_units: 10

hidden3_units: 0

lr: 0.005

l1_penalty: 0.0001

features_num: 10

filename: test1_1

noise: 0.1

k: 5

lx: 0.1

lam: 1

alp: 0.33

penalty: 1

####################
第一层节点： 10
训练 5 次min_MSE_tr: 0.21148435771465302
min_MSE_va: 0.48807254433631897
min_MSE_te: 0.286729633808136
q: 2.87369155161e-100

#############################
####################
第一层节点： 4
训练 5 次min_MSE_tr: 0.18777605891227722
min_MSE_va: 0.32602977752685547
min_MSE_te: 0.14095410704612732
q: 0.991961855971

#############################
not in
####################
第一层节点： 6
训练 5 次min_MSE_tr: 0.2042008936405182
min_MSE_va: 0.3588015139102936
min_MSE_te: 0.189748615026474
q: -5.87870122284e-35

#############################
Sd: 0.41558
窗口左滑
####################
第一层节点： 3
训练 5 次min_MSE_tr: 0.41160011291503906
min_MSE_va: 1.383099913597107
min_MSE_te: 0.7065382599830627
q: 0.977884972196

#############################
Sd: 3.30959
窗口右滑
直接获取: 6
####################
第一层节点： 5
训练 5 次min_MSE_tr: 0.19407081604003906
min_MSE_va: 0.35638365149497986
min_MSE_te: 0.16894158720970154
q: 1.00254464969e-17

#############################
节点减1：
节点减1：
[10, 4, 6, '窗口左滑', 3, '窗口右滑', 5, '节点-1', '节点-1']
best_d: 4
best_d_mse_tr: 0
best_d_mse_va: 0.32602977752685547
best_d_mse_te: 0.14095410704612732
best_d_w: torch.Size([4, 10]) 
 Parameter containing:
tensor([[-0.3110,  0.2770, -0.6129,  0.6747,  0.4018,  0.2537,  0.0456, -0.1027,
          0.3832,  0.2680],
        [-0.4144,  0.0266, -0.8387,  0.2418, -0.1058,  0.4855, -0.1879, -0.0836,
         -0.3236, -0.2320],
        [ 0.0072, -0.2922, -0.1453, -0.5642, -0.0562, -0.0884, -0.2311, -0.2187,
          0.2142,  0.2283],
        [ 0.1852,  0.1733,  0.4446,  0.3242, -0.2806,  0.0460, -0.4321, -0.2858,
         -0.0349,  0.0754]], requires_grad=True)
best_d_q: 0.991961855971
{'10': [0.21148435771465302, 0.48807254433631897, 0.286729633808136, 1.5895618990548699, 2.8736915516068026e-100], '4': [0.18777605891227722, 0.32602977752685547, 0.14095410704612732, 0.7666255194142759, 0.99196185597108366], '6': [0.2042008936405182, 0.3588015139102936, 0.189748615026474, 1.019695126741424, -5.8787012228367239e-35], '3': [0.41160011291503906, 1.383099913597107, 0.7065382599830627, 1.7135467200126722, 0.97788497219616732], '5': [0.19407081604003906, 0.35638365149497986, 0.16894158720970154, 0.9071283288542553, 1.0025446496893349e-17]}
epoch_num: 2000

hidden1_units: 10

hidden2_units: 10

hidden3_units: 0

lr: 0.005

l1_penalty: 0.0001

features_num: 10

filename: test1_1

noise: 0.1

k: 5

lx: 0.1

lam: 1

alp: 0.33

penalty: 1

####################
第一层节点： 10
训练 5 次min_MSE_tr: 0.20019732415676117
min_MSE_va: 0.6131887435913086
min_MSE_te: 0.38405561447143555
q: 2.91619993054e-102

#############################
####################
第一层节点： 4
训练 5 次min_MSE_tr: 0.21148470044136047
min_MSE_va: 0.550963819026947
min_MSE_te: 0.31306344270706177
q: 0.989035903273

#############################
not in
####################
第一层节点： 6
训练 5 次min_MSE_tr: 0.18285509943962097
min_MSE_va: 0.6501650810241699
min_MSE_te: 0.22326913475990295
q: 9.64388201802e-35

#############################
Sd: 1.8244
窗口左滑
####################
第一层节点： 3
训练 5 次min_MSE_tr: 0.4431808292865753
min_MSE_va: 1.0388230085372925
min_MSE_te: 0.7955302000045776
q: 0.995546531715

#############################
Sd: 2.42681
窗口右滑
直接获取: 6
####################
第一层节点： 5
训练 5 次min_MSE_tr: 0.1924452930688858
min_MSE_va: 0.5079480409622192
min_MSE_te: 0.20294395089149475
q: 2.54639528487e-18

#############################
节点减1：
节点减1：
[10, 4, 6, '窗口左滑', 3, '窗口右滑', 5, '节点-1', '节点-1']
best_d: 4
best_d_mse_tr: 0
best_d_mse_va: 0.550963819026947
best_d_mse_te: 0.31306344270706177
best_d_w: torch.Size([4, 10]) 
 Parameter containing:
tensor([[-0.1015,  0.1380, -0.1962,  0.3908, -0.0380,  0.2188,  0.1862,  0.2115,
         -0.4478, -0.3688],
        [ 0.4831, -0.2556,  0.8603, -0.7577, -0.0465, -0.5584,  0.4203,  0.3488,
         -0.0396, -0.0618],
        [ 0.1777,  0.2535,  0.5031,  0.4858, -0.0152, -0.0619, -0.1494, -0.1187,
          0.1697,  0.1433],
        [-0.2358,  0.2095, -0.4914,  0.4908,  0.4631,  0.0866,  0.4536,  0.2524,
          0.2201,  0.0509]], requires_grad=True)
best_d_q: 0.989035903273
{'10': [0.20019732415676117, 0.6131887435913086, 0.38405561447143555, 1.7146780983098595, 2.9161999305416795e-102], '4': [0.21148470044136047, 0.550963819026947, 0.31306344270706177, 0.9915595609143675, 0.98903590327348134], '6': [0.18285509943962097, 0.6501650810241699, 0.22326913475990295, 1.3110586938553004, 9.6438820180209765e-35], '3': [0.4431808292865753, 1.0388230085372925, 0.7955302000045776, 1.3692698149528577, 0.99554653171529317], '5': [0.1924452930688858, 0.5079480409622192, 0.20294395089149475, 1.0586927183214947, 2.5463952848691922e-18]}
epoch_num: 2000

hidden1_units: 10

hidden2_units: 10

hidden3_units: 0

lr: 0.005

l1_penalty: 0.0001

features_num: 10

filename: test1_1

noise: 0.1

k: 5

lx: 0.1

lam: 1

alp: 0.33

penalty: 1

####################
第一层节点： 10
训练 5 次min_MSE_tr: 0.31368228793144226
min_MSE_va: 1.9693371057510376
min_MSE_te: 1.0035451650619507
q: -1.01617008081e-101

#############################
####################
第一层节点： 4
训练 5 次min_MSE_tr: 0.20260344445705414
min_MSE_va: 0.8442797660827637
min_MSE_te: 0.4154515266418457
q: 0.994215352104

#############################
not in
####################
第一层节点： 6
训练 5 次min_MSE_tr: 0.20682260394096375
min_MSE_va: 0.9343522191047668
min_MSE_te: 0.38957130908966064
q: 1.18452698957e-33

#############################
Sd: 0.470849
窗口左滑
####################
第一层节点： 3
训练 5 次min_MSE_tr: 0.8220237493515015
min_MSE_va: 2.8800063133239746
min_MSE_te: 2.4223923683166504
q: 0.878657774088

#############################
Sd: 7.03992
窗口右滑
直接获取: 6
####################
第一层节点： 5
训练 5 次min_MSE_tr: 0.2418384552001953
min_MSE_va: 0.8539513945579529
min_MSE_te: 0.5142149329185486
q: 6.87758209435e-18

#############################
节点减1：
节点减1：
[10, 4, 6, '窗口左滑', 3, '窗口右滑', 5, '节点-1', '节点-1']
best_d: 4
best_d_mse_tr: 0
best_d_mse_va: 0.8442797660827637
best_d_mse_te: 0.4154515266418457
best_d_w: torch.Size([4, 10]) 
 Parameter containing:
tensor([[ 0.2090, -0.0728,  0.4366, -0.2617, -0.2834, -0.1067, -0.5092, -0.3873,
          0.1381,  0.2200],
        [ 0.2066, -0.1867,  0.3731, -0.4579,  0.2980, -0.4116,  0.4874,  0.2860,
          0.2604,  0.0731],
        [ 0.4267, -0.1312,  0.8807, -0.4086, -0.2867, -0.3253, -0.0096,  0.0775,
         -0.2230, -0.1702],
        [ 0.0404,  0.3603,  0.3079,  0.7788,  0.1676,  0.0513,  0.1407,  0.0481,
          0.1365,  0.0492]], requires_grad=True)
best_d_q: 0.994215352104
{'10': [0.31368228793144226, 1.9693371057510376, 1.0035451650619507, 3.0708264604695885, -1.0161700808080647e-101], '4': [0.20260344445705414, 0.8442797660827637, 0.4154515266418457, 1.2848755079701841, 0.9942153521035122], '6': [0.20682260394096375, 0.9343522191047668, 0.38957130908966064, 1.5952458319358973, 1.1845269895721255e-33], '3': [0.8220237493515015, 2.8800063133239746, 2.4223923683166504, 3.21045311973954, 0.87865777408817125], '5': [0.2418384552001953, 0.8539513945579529, 0.5142149329185486, 1.4046960719172283, 6.8775820943533763e-18]}
epoch_num: 2000

hidden1_units: 10

hidden2_units: 10

hidden3_units: 0

lr: 0.005

l1_penalty: 0.0001

features_num: 10

filename: test1_1

noise: 0.1

k: 5

lx: 0.1

lam: 1

alp: 0.33

penalty: 1

####################
第一层节点： 10
训练 5 次min_MSE_tr: 0.26295673847198486
min_MSE_va: 0.566047728061676
min_MSE_te: 0.7367191314697266
q: -1.46005432325e-100

#############################
####################
第一层节点： 4
训练 5 次min_MSE_tr: 0.19137261807918549
min_MSE_va: 0.3607250154018402
min_MSE_te: 0.3821057081222534
q: 0.995477263581

#############################
not in
####################
第一层节点： 6
训练 5 次min_MSE_tr: 0.22001895308494568
min_MSE_va: 0.4101365804672241
min_MSE_te: 0.26303723454475403
q: -2.68124274891e-35

#############################
Sd: 0.603614
窗口左滑
####################
第一层节点： 3
训练 5 次min_MSE_tr: 0.466743141412735
min_MSE_va: 0.6242190599441528
min_MSE_te: 0.8549403548240662
q: 0.992241856489

#############################
Sd: 1.12333
窗口右滑
直接获取: 6
####################
第一层节点： 5
训练 5 次min_MSE_tr: 0.215920552611351
min_MSE_va: 0.3643629252910614
min_MSE_te: 0.435054749250412
q: 3.40843716256e-18

#############################
节点减1：
节点减1：
[10, 4, 6, '窗口左滑', 3, '窗口右滑', 5, '节点-1', '节点-1']
best_d: 4
best_d_mse_tr: 0
best_d_mse_va: 0.3607250154018402
best_d_mse_te: 0.3821057081222534
best_d_w: torch.Size([4, 10]) 
 Parameter containing:
tensor([[ 0.1790, -0.2829,  0.3161, -0.6781, -0.0303, -0.3084,  0.3915,  0.3690,
         -0.2389, -0.3027],
        [ 0.2872,  0.0057,  0.6032, -0.0834,  0.2423, -0.4015,  0.1963,  0.0149,
          0.5359,  0.3506],
        [-0.2433, -0.2244, -0.6695, -0.3932,  0.2598,  0.0057,  0.2045,  0.0724,
          0.2133,  0.0846],
        [ 0.2362, -0.2654,  0.4948, -0.6913, -0.3976, -0.2110, -0.4392, -0.3112,
         -0.0253,  0.0909]], requires_grad=True)
best_d_q: 0.995477263581
{'10': [0.26295673847198486, 0.566047728061676, 0.7367191314697266, 1.667537082780227, -1.4600543232480598e-100], '4': [0.19137261807918549, 0.3607250154018402, 0.3821057081222534, 0.8013207572892607, 0.99547726358075073], '6': [0.22001895308494568, 0.4101365804672241, 0.26303723454475403, 1.0710301932983546, -2.6812427489050659e-35], '3': [0.466743141412735, 0.6242190599441528, 0.8549403548240662, 0.9546658663597181, 0.99224185648865371], '5': [0.215920552611351, 0.3643629252910614, 0.435054749250412, 0.9151076026503369, 3.4084371625614334e-18]}
epoch_num: 2000

hidden1_units: 10

hidden2_units: 10

hidden3_units: 0

lr: 0.005

l1_penalty: 0.0001

features_num: 10

filename: test1_1

noise: 0.1

k: 5

lx: 0.1

lam: 1

alp: 0.33

penalty: 1

####################
第一层节点： 10
训练 5 次min_MSE_tr: 0.19450721144676208
min_MSE_va: 0.5671254992485046
min_MSE_te: 0.3954940736293793
q: -1.23076735575e-100

#############################
####################
第一层节点： 4
训练 5 次min_MSE_tr: 0.2008647918701172
min_MSE_va: 0.8035935759544373
min_MSE_te: 0.2780483067035675
q: 0.990706940997

#############################
not in
####################
第一层节点： 6
训练 5 次min_MSE_tr: 0.19875958561897278
min_MSE_va: 0.844409167766571
min_MSE_te: 0.4445430040359497
q: -5.44018626189e-34

#############################
Sd: 1.86602
窗口左滑
####################
第一层节点： 3
训练 5 次min_MSE_tr: 0.3948717713356018
min_MSE_va: 1.4763453006744385
min_MSE_te: 1.0184746980667114
q: 0.985100737064

#############################
Sd: 3.36927
窗口右滑
直接获取: 6
####################
第一层节点： 5
训练 5 次min_MSE_tr: 0.22467000782489777
min_MSE_va: 0.7415370941162109
min_MSE_te: 0.32742878794670105
q: 2.52649148429e-17

#############################
节点减1：
节点减1：
[10, 4, 6, '窗口左滑', 3, '窗口右滑', 5, '节点-1', '节点-1']
best_d: 4
best_d_mse_tr: 0
best_d_mse_va: 0.8035935759544373
best_d_mse_te: 0.2780483067035675
best_d_w: torch.Size([4, 10]) 
 Parameter containing:
tensor([[-0.1079, -0.2327, -0.3653, -0.4919, -0.0418,  0.0113,  0.0898,  0.1067,
         -0.2261, -0.2081],
        [ 0.0904,  0.0439,  0.1897,  0.0977,  0.2751, -0.1944,  0.4350,  0.2598,
          0.1745,  0.0266],
        [ 0.0958, -0.2502,  0.0864, -0.5743,  0.0642, -0.2768, -0.0443, -0.1490,
          0.3470,  0.2747],
        [-0.3945,  0.1367, -0.8510,  0.5002,  0.3309,  0.2986,  0.0619, -0.0357,
          0.2520,  0.1635]], requires_grad=True)
best_d_q: 0.990706940997
{'10': [0.19450721144676208, 0.5671254992485046, 0.3954940736293793, 1.6686148539670556, -1.2307673557478164e-100], '4': [0.2008647918701172, 0.8035935759544373, 0.2780483067035675, 1.2441893178418577, 0.99070694099687973], '6': [0.19875958561897278, 0.844409167766571, 0.4445430040359497, 1.5053027805977015, -5.4401862618887356e-34], '3': [0.3948717713356018, 1.4763453006744385, 1.0184746980667114, 1.8067921070900037, 0.9851007370635918], '5': [0.22467000782489777, 0.7415370941162109, 0.32742878794670105, 1.2922817714754864, 2.5264914842859193e-17]}
epoch_num: 2000

hidden1_units: 10

hidden2_units: 10

hidden3_units: 0

lr: 0.005

l1_penalty: 0.0001

features_num: 10

filename: test1_1

noise: 0.1

k: 5

lx: 0.1

lam: 1

alp: 0.33

penalty: 1

####################
第一层节点： 10
训练 5 次min_MSE_tr: 0.23304730653762817
min_MSE_va: 0.6550819873809814
min_MSE_te: 0.302618145942688
q: -2.73597747683e-101

#############################
####################
第一层节点： 4
训练 5 次min_MSE_tr: 0.2154601365327835
min_MSE_va: 0.501837968826294
min_MSE_te: 0.20059214532375336
q: 0.990739682734

#############################
not in
####################
第一层节点： 6
训练 5 次min_MSE_tr: 0.19980528950691223
min_MSE_va: 0.4979891777038574
min_MSE_te: 0.21207977831363678
q: 1.12213683951e-34

#############################
Sd: 1.08871
窗口左滑
####################
第一层节点： 3
训练 5 次min_MSE_tr: 0.5270037651062012
min_MSE_va: 0.7398606538772583
min_MSE_te: 0.563382089138031
q: 0.982946310582

#############################
Sd: 1.40855
窗口右滑
直接获取: 6
####################
第一层节点： 5
训练 5 次min_MSE_tr: 0.21520423889160156
min_MSE_va: 0.5486813187599182
min_MSE_te: 0.23983970284461975
q: 6.4965001786e-17

#############################
节点减1：
节点减1：
[10, 4, 6, '窗口左滑', 3, '窗口右滑', 5, '节点-1', '节点-1']
best_d: 4
best_d_mse_tr: 0
best_d_mse_va: 0.501837968826294
best_d_mse_te: 0.20059214532375336
best_d_w: torch.Size([4, 10]) 
 Parameter containing:
tensor([[ 0.4753, -0.0210,  1.0540, -0.2631, -0.2407, -0.3847,  0.0268,  0.0489,
         -0.1251, -0.1435],
        [-0.0218,  0.3719,  0.0615,  0.8362,  0.0336,  0.2257, -0.1213, -0.1320,
         -0.0188,  0.0387],
        [ 0.1076,  0.0542,  0.2629,  0.0131,  0.0658, -0.1406, -0.2298, -0.2595,
          0.4703,  0.4261],
        [-0.0544, -0.2337, -0.1659, -0.4982, -0.3164,  0.0555, -0.3687, -0.2052,
         -0.1892, -0.0792]], requires_grad=True)
best_d_q: 0.990739682734
{'10': [0.23304730653762817, 0.6550819873809814, 0.302618145942688, 1.7565713420995324, -2.7359774768279768e-101], '4': [0.2154601365327835, 0.501837968826294, 0.20059214532375336, 0.9424337107137144, 0.99073968273378921], '6': [0.19980528950691223, 0.4979891777038574, 0.21207977831363678, 1.1588827905349879, 1.1221368395108344e-34], '3': [0.5270037651062012, 0.7398606538772583, 0.563382089138031, 1.0703074602928235, 0.98294631058189497], '5': [0.21520423889160156, 0.5486813187599182, 0.23983970284461975, 1.0994259961191937, 6.4965001786012976e-17]}
epoch_num: 2000

hidden1_units: 10

hidden2_units: 10

hidden3_units: 0

lr: 0.005

l1_penalty: 0.0001

features_num: 10

filename: test1_1

noise: 0.1

k: 5

lx: 0.1

lam: 1

alp: 0.33

penalty: 1

####################
第一层节点： 10
训练 5 次min_MSE_tr: 0.26958662271499634
min_MSE_va: 1.0695185661315918
min_MSE_te: 0.6163265705108643
q: 7.5151255089e-101

#############################
####################
第一层节点： 4
训练 5 次min_MSE_tr: 0.21790647506713867
min_MSE_va: 1.1731977462768555
min_MSE_te: 0.3839235007762909
q: 0.990563292236

#############################
not in
####################
第一层节点： 6
训练 5 次min_MSE_tr: 0.23319609463214874
min_MSE_va: 1.2320058345794678
min_MSE_te: 0.5352088809013367
q: -2.89983449949e-34

#############################
Sd: 2.90715
窗口左滑
####################
第一层节点： 3
训练 5 次min_MSE_tr: 0.6742031574249268
min_MSE_va: 2.4816231727600098
min_MSE_te: 2.257950782775879
q: 0.88030492503

#############################
Sd: 7.58538
窗口右滑
直接获取: 6
####################
第一层节点： 5
训练 5 次min_MSE_tr: 0.24025169014930725
min_MSE_va: 1.2224551439285278
min_MSE_te: 0.6489580869674683
q: 1.41859477339e-17

#############################
节点减1：
节点减1：
[10, 4, 6, '窗口左滑', 3, '窗口右滑', 5, '节点-1', '节点-1']
best_d: 4
best_d_mse_tr: 0
best_d_mse_va: 1.1731977462768555
best_d_mse_te: 0.3839235007762909
best_d_w: torch.Size([4, 10]) 
 Parameter containing:
tensor([[-0.0960,  0.3591, -0.0419,  0.8809,  0.0638,  0.2383,  0.0278,  0.0628,
         -0.0866, -0.0719],
        [ 0.1979, -0.0106,  0.4394, -0.0894, -0.2220, -0.0674,  0.1416,  0.1874,
         -0.3979, -0.3472],
        [-0.1060, -0.0708, -0.2445, -0.1211, -0.2548,  0.1726, -0.3173, -0.2386,
         -0.2170, -0.0711],
        [ 0.1858,  0.0640,  0.4551,  0.0344, -0.2055, -0.0615, -0.3927, -0.3648,
          0.1371,  0.1985]], requires_grad=True)
best_d_q: 0.990563292236
{'10': [0.26958662271499634, 1.0695185661315918, 0.6163265705108643, 2.1710079208501427, 7.5151255088979909e-101], '4': [0.21790647506713867, 1.1731977462768555, 0.3839235007762909, 1.613793488164276, 0.99056329223556838], '6': [0.23319609463214874, 1.2320058345794678, 0.5352088809013367, 1.8928994474105982, -2.8998344994922503e-34], '3': [0.6742031574249268, 2.4816231727600098, 2.257950782775879, 2.812069979175575, 0.88030492503013058], '5': [0.24025169014930725, 1.2224551439285278, 0.6489580869674683, 1.7731998212878033, 1.4185947733949624e-17]}
epoch_num: 2000

hidden1_units: 10

hidden2_units: 10

hidden3_units: 0

lr: 0.005

l1_penalty: 0.0001

features_num: 10

filename: test1_1

noise: 0.1

k: 5

lx: 0.1

lam: 1

alp: 0.33

penalty: 1

####################
第一层节点： 10
训练 5 次min_MSE_tr: 0.756477415561676
min_MSE_va: 3.2675046920776367
min_MSE_te: 2.403904914855957
q: -6.79509449144e-100

#############################
####################
第一层节点： 4
训练 5 次min_MSE_tr: 0.7131314873695374
min_MSE_va: 2.9446420669555664
min_MSE_te: 2.661689519882202
q: 0.0216588882666

#############################
not in
####################
第一层节点： 6
训练 5 次min_MSE_tr: 0.40614667534828186
min_MSE_va: 1.6301873922348022
min_MSE_te: 1.4842033386230469
q: 4.81617603119e-33

#############################
Sd: 7.69211
窗口右滑
####################
第一层节点： 7
训练 5 次min_MSE_tr: 0.5447593927383423
min_MSE_va: 2.303537130355835
min_MSE_te: 1.6336983442306519
q: -7.63113877192e-51

#############################
Sd: 6.93995
窗口左滑
直接获取: 7
直接获取: 6
节点减1：
####################
第一层节点： 5
训练 5 次min_MSE_tr: 0.2935684621334076
min_MSE_va: 1.1018474102020264
min_MSE_te: 0.732534646987915
q: 2.25555224815e-17

#############################
节点减1：
[10, 4, 6, '窗口右滑', 7, '窗口左滑', '节点-1', 5, '节点-1']
best_d: 5
best_d_mse_tr: 0
best_d_mse_va: 1.1018474102020264
best_d_mse_te: 0.732534646987915
best_d_w: torch.Size([5, 10]) 
 Parameter containing:
tensor([[-0.1067,  0.2595, -0.0259,  0.6265,  0.1389,  0.1025,  0.3205,  0.2601,
         -0.1418, -0.2118],
        [ 0.2745,  0.0476,  0.5845,  0.0077, -0.2391, -0.1044, -0.2988, -0.2086,
         -0.0535,  0.0874],
        [-0.3080, -0.1284,  0.3173,  0.9648,  0.5156, -1.1607,  0.9589,  0.6357,
          0.7252, -0.0244],
        [ 0.5777, -0.0078,  0.4504, -1.0751, -0.2892,  0.3146, -0.2274, -0.1392,
         -0.3959, -0.0188],
        [-0.7064, -0.5685, -0.0731,  1.0333,  0.1520, -1.6255,  1.0035,  0.8260,
          0.3752, -0.5167]], requires_grad=True)
best_d_q: 2.25555224815e-17
{'10': [0.756477415561676, 3.2675046920776367, 2.403904914855957, 4.368994046796187, -6.7950944914357192e-100], '4': [0.7131314873695374, 2.9446420669555664, 2.661689519882202, 3.385237808842987, 0.021658888266634486], '6': [0.40614667534828186, 1.6301873922348022, 1.4842033386230469, 2.2910810050659327, 4.8161760311934993e-33], '7': [0.5447593927383423, 2.303537130355835, 1.6336983442306519, 3.0745796786588206, -7.6311387719195351e-51], '5': [0.2935684621334076, 1.1018474102020264, 0.732534646987915, 1.6525920875613018, 2.2555522481525912e-17]}
epoch_num: 2000

hidden1_units: 10

hidden2_units: 10

hidden3_units: 0

lr: 0.005

l1_penalty: 0.0001

features_num: 10

filename: test1_1

noise: 0.1

k: 5

lx: 0.1

lam: 1

alp: 0.33

penalty: 1

####################
第一层节点： 10
训练 5 次min_MSE_tr: 0.20096199214458466
min_MSE_va: 0.37061962485313416
min_MSE_te: 0.16329146921634674
q: -5.73038166391e-102

#############################
####################
第一层节点： 4
训练 5 次min_MSE_tr: 0.20520007610321045
min_MSE_va: 0.3261731266975403
min_MSE_te: 0.1476387083530426
q: 0.986313111804

#############################
not in
####################
第一层节点： 6
训练 5 次min_MSE_tr: 0.2131303995847702
min_MSE_va: 0.41908034682273865
min_MSE_te: 0.17733027040958405
q: -1.5917158427e-34

#############################
Sd: 0.706721
窗口左滑
####################
第一层节点： 3
训练 5 次min_MSE_tr: 0.9065579175949097
min_MSE_va: 1.9450962543487549
min_MSE_te: 2.5020251274108887
q: 0.894554196078

#############################
Sd: 6.19588
窗口右滑
直接获取: 6
####################
第一层节点： 5
训练 5 次min_MSE_tr: 0.22938281297683716
min_MSE_va: 0.33469852805137634
min_MSE_te: 0.1733996719121933
q: 1.79909099507e-17

#############################
节点减1：
节点减1：
[10, 4, 6, '窗口左滑', 3, '窗口右滑', 5, '节点-1', '节点-1']
best_d: 4
best_d_mse_tr: 0
best_d_mse_va: 0.3261731266975403
best_d_mse_te: 0.1476387083530426
best_d_w: torch.Size([4, 10]) 
 Parameter containing:
tensor([[-0.1685, -0.1388, -0.4448, -0.3546, -0.1982,  0.1554, -0.3663, -0.2773,
         -0.0340,  0.0644],
        [-0.1728, -0.2088, -0.4761, -0.3384,  0.2362, -0.0414,  0.3199,  0.2249,
          0.0626,  0.0132],
        [ 0.0079, -0.0594, -0.0217, -0.0993,  0.2084, -0.1577, -0.0649, -0.1407,
          0.5023,  0.3771],
        [-0.3361,  0.3418, -0.5881,  0.9585,  0.2238,  0.3908,  0.0203,  0.0485,
         -0.0025, -0.0150]], requires_grad=True)
best_d_q: 0.986313111804
{'10': [0.20096199214458466, 0.37061962485313416, 0.16329146921634674, 1.472108979571685, -5.7303816639102688e-102], '4': [0.20520007610321045, 0.3261731266975403, 0.1476387083530426, 0.7667688685849607, 0.98631311180412828], '6': [0.2131303995847702, 0.41908034682273865, 0.17733027040958405, 1.079973959653869, -1.5917158426988607e-34], '3': [0.9065579175949097, 1.9450962543487549, 2.5020251274108887, 2.27554306076432, 0.89455419607843156], '5': [0.22938281297683716, 0.33469852805137634, 0.1733996719121933, 0.8854432054106518, 1.7990909950749263e-17]}
epoch_num: 2000

hidden1_units: 10

hidden2_units: 10

hidden3_units: 0

lr: 0.005

l1_penalty: 0.0001

features_num: 10

filename: test1_1

noise: 0.1

k: 5

lx: 0.1

lam: 1

alp: 0.33

penalty: 1

####################
第一层节点： 10
训练 5 次min_MSE_tr: 0.21808560192584991
min_MSE_va: 0.4259808659553528
min_MSE_te: 0.263467937707901
q: 4.38166903343e-101

#############################
####################
第一层节点： 4
训练 5 次min_MSE_tr: 0.21089015901088715
min_MSE_va: 0.31996938586235046
min_MSE_te: 0.14914488792419434
q: 0.989419761684

#############################
not in
####################
第一层节点： 6
训练 5 次min_MSE_tr: 0.21006819605827332
min_MSE_va: 0.36895525455474854
min_MSE_te: 0.2969973087310791
q: 9.15717986047e-34

#############################
Sd: 0.436531
窗口左滑
####################
第一层节点： 3
训练 5 次min_MSE_tr: 0.7496312260627747
min_MSE_va: 1.673557996749878
min_MSE_te: 1.7589893341064453
q: 0.907419426219

#############################
Sd: 3.7564
窗口右滑
直接获取: 6
####################
第一层节点： 5
训练 5 次min_MSE_tr: 0.2185940146446228
min_MSE_va: 0.38041555881500244
min_MSE_te: 0.21824201941490173
q: 2.70991698399e-17

#############################
节点减1：
节点减1：
[10, 4, 6, '窗口左滑', 3, '窗口右滑', 5, '节点-1', '节点-1']
best_d: 4
best_d_mse_tr: 0
best_d_mse_va: 0.31996938586235046
best_d_mse_te: 0.14914488792419434
best_d_w: torch.Size([4, 10]) 
 Parameter containing:
tensor([[ 0.1059,  0.2355,  0.3022,  0.4341,  0.1105, -0.0638,  0.3759,  0.3495,
         -0.1579, -0.2030],
        [ 0.0552, -0.3969, -0.0399, -0.7700, -0.0367, -0.2121,  0.2174,  0.1991,
         -0.0663, -0.1112],
        [ 0.3454,  0.0484,  0.8365, -0.1117,  0.0267, -0.3851,  0.1458,  0.0537,
          0.2168,  0.1031],
        [-0.2452,  0.0309, -0.6101,  0.1931,  0.4162,  0.0903,  0.3236,  0.1868,
          0.2430,  0.1132]], requires_grad=True)
best_d_q: 0.989419761684
{'10': [0.21808560192584991, 0.4259808659553528, 0.263467937707901, 1.5274702206739037, 4.3816690334345272e-101], '4': [0.21089015901088715, 0.31996938586235046, 0.14914488792419434, 0.7605651277497709, 0.98941976168435675], '6': [0.21006819605827332, 0.36895525455474854, 0.2969973087310791, 1.029848867385879, 9.157179860466653e-34], '3': [0.7496312260627747, 1.673557996749878, 1.7589893341064453, 2.004004803165443, 0.90741942621943539], '5': [0.2185940146446228, 0.38041555881500244, 0.21824201941490173, 0.9311602361742779, 2.7099169839879874e-17]}
tr: 0.213713 0.0281838
va: 0.630862 0.311409
te: 0.314346 0.171448
